Using pre-set license
Built from '2020.3/staging' branch; Version is '2020.3.6f1 (338bb68529b2) revision 3378102'; Using compiler version '192528614'; Build Type 'Release'
OS: 'Windows 10 Home; OS build 19044.1826; Version 2009; 64bit' Language: 'en' Physical Memory: 16114 MB
BatchMode: 1, IsHumanControllingUs: 0, StartBugReporterOnCrash: 0, Is64bit: 1, IsPro: 0

 COMMAND LINE ARGUMENTS:
C:\Program Files\Unity\Hub\Editor\2020.3.6f1\Editor\Unity.exe
-adb2
-batchMode
-noUpm
-name
AssetImportWorker0
-projectPath
C:/Users/Blaine/FriendJam22/MovementMerge
-logFile
Logs/AssetImportWorker0.log
-srvPort
64261
Successfully changed project path to: C:/Users/Blaine/FriendJam22/MovementMerge
C:/Users/Blaine/FriendJam22/MovementMerge
Using Asset Import Pipeline V2.
Refreshing native plugins compatible for Editor in 134.23 ms, found 1 plugins.
Preloading 0 native plugins for Editor in 0.00 ms.
Initialize engine version: 2020.3.6f1 (338bb68529b2)
[Subsystems] Discovering subsystems at path C:/Program Files/Unity/Hub/Editor/2020.3.6f1/Editor/Data/Resources/UnitySubsystems
[Subsystems] Discovering subsystems at path C:/Users/Blaine/FriendJam22/MovementMerge/Assets
GfxDevice: creating device client; threaded=0
Direct3D:
    Version:  Direct3D 11.0 [level 11.1]
    Renderer: NVIDIA GeForce GTX 1050 Ti with Max-Q Design (ID=0x1c8c)
    Vendor:   
    VRAM:     4021 MB
    Driver:   30.0.15.1272
Initialize mono
Mono path[0] = 'C:/Program Files/Unity/Hub/Editor/2020.3.6f1/Editor/Data/Managed'
Mono path[1] = 'C:/Program Files/Unity/Hub/Editor/2020.3.6f1/Editor/Data/MonoBleedingEdge/lib/mono/unityjit'
Mono config path = 'C:/Program Files/Unity/Hub/Editor/2020.3.6f1/Editor/Data/MonoBleedingEdge/etc'
Using monoOptions --debugger-agent=transport=dt_socket,embedding=1,server=y,suspend=n,address=127.0.0.1:56092
Begin MonoManager ReloadAssembly
Registering precompiled unity dll's ...
Register platform support module: C:/Program Files/Unity/Hub/Editor/2020.3.6f1/Editor/Data/PlaybackEngines/WebGLSupport/UnityEditor.WebGL.Extensions.dll
Register platform support module: C:/Program Files/Unity/Hub/Editor/2020.3.6f1/Editor/Data/PlaybackEngines/WindowsStandaloneSupport/UnityEditor.WindowsStandalone.Extensions.dll
Registered in 0.013000 seconds.
Native extension for WindowsStandalone target not found
Native extension for WebGL target not found
Refreshing native plugins compatible for Editor in 181.70 ms, found 1 plugins.
Preloading 0 native plugins for Editor in 0.00 ms.
Mono: successfully reloaded assembly
- Completed reload, in  5.052 seconds
Platform modules already initialized, skipping
Registering precompiled user dll's ...
Registered in 0.003260 seconds.
Begin MonoManager ReloadAssembly
Native extension for WindowsStandalone target not found
Native extension for WebGL target not found
Refreshing native plugins compatible for Editor in 168.05 ms, found 1 plugins.
Preloading 0 native plugins for Editor in 0.00 ms.
Mono: successfully reloaded assembly
- Completed reload, in  3.707 seconds
Platform modules already initialized, skipping
========================================================================
Worker process is ready to serve import requests
Launched and connected shader compiler UnityShaderCompiler.exe after 0.20 seconds
Refreshing native plugins compatible for Editor in 1.35 ms, found 1 plugins.
Preloading 0 native plugins for Editor in 0.00 ms.
Unloading 1813 Unused Serialized files (Serialized files now loaded: 0)
System memory in use before: 85.0 MB.
System memory in use after: 84.9 MB.

Unloading 24 unused Assets to reduce memory usage. Loaded Objects now: 2255.
Total: 5.897300 ms (FindLiveObjects: 0.379100 ms CreateObjectMapping: 0.154800 ms MarkObjects: 4.986600 ms  DeleteObjects: 0.374200 ms)

========================================================================
Received Import Request.
  path: Assets/Glow.mat
  artifactKey: Guid(0d8c9a53be1e7804e964c850e17fd271) Importer(815301076,1909f56bfc062723c751e8b465ee728b)
Start importing Assets/Glow.mat using Guid(0d8c9a53be1e7804e964c850e17fd271) Importer(815301076,1909f56bfc062723c751e8b465ee728b)  -> (artifact id: '7f362d974c0ea459b32d033739f7525f') in 1.421547 seconds
  Import took 1.437066 seconds .

========================================================================
Received Import Request.
  Time since last request: 0.000653 seconds.
  path: Assets/Slippery.physicsMaterial2D
  artifactKey: Guid(50f16d2564c87284281329ceda65e511) Importer(815301076,1909f56bfc062723c751e8b465ee728b)
Start importing Assets/Slippery.physicsMaterial2D using Guid(50f16d2564c87284281329ceda65e511) Importer(815301076,1909f56bfc062723c751e8b465ee728b)  -> (artifact id: 'bead069c5b43cd3889f1d38386300254') in 0.038031 seconds
  Import took 0.051366 seconds .

========================================================================
Received Prepare
Registering precompiled user dll's ...
Registered in 0.003138 seconds.
Begin MonoManager ReloadAssembly
Native extension for WindowsStandalone target not found
Native extension for WebGL target not found
Refreshing native plugins compatible for Editor in 0.90 ms, found 1 plugins.
Preloading 0 native plugins for Editor in 0.00 ms.
Mono: successfully reloaded assembly
- Completed reload, in  3.649 seconds
Platform modules already initialized, skipping
Refreshing native plugins compatible for Editor in 1.08 ms, found 1 plugins.
Preloading 0 native plugins for Editor in 0.00 ms.
Unloading 1808 Unused Serialized files (Serialized files now loaded: 0)
System memory in use before: 88.3 MB.
System memory in use after: 88.3 MB.

Unloading 12 unused Assets to reduce memory usage. Loaded Objects now: 2299.
Total: 6.365100 ms (FindLiveObjects: 0.663900 ms CreateObjectMapping: 0.274500 ms MarkObjects: 5.126500 ms  DeleteObjects: 0.297300 ms)

========================================================================
Received Import Request.
  Time since last request: 58.295043 seconds.
  path: Assets/Scenes/MovementAITesting.unity
  artifactKey: Guid(aff39beecc9f1414d87c28fb5c2c0d1d) Importer(815301076,1909f56bfc062723c751e8b465ee728b)
Start importing Assets/Scenes/MovementAITesting.unity using Guid(aff39beecc9f1414d87c28fb5c2c0d1d) Importer(815301076,1909f56bfc062723c751e8b465ee728b)  -> (artifact id: '75e0ba8b5ea392f48a924c292c5a5448') in 0.046989 seconds
  Import took 0.056903 seconds .

========================================================================
Received Import Request.
  Time since last request: 2.725590 seconds.
  path: Assets/Scenes/LevelPrototype.unity
  artifactKey: Guid(03fc9ace28fc7c046823d313cc834ea8) Importer(815301076,1909f56bfc062723c751e8b465ee728b)
Start importing Assets/Scenes/LevelPrototype.unity using Guid(03fc9ace28fc7c046823d313cc834ea8) Importer(815301076,1909f56bfc062723c751e8b465ee728b)  -> (artifact id: '0bd7daee72c425f1c1cb1952fc05d8da') in 0.033753 seconds
  Import took 0.047505 seconds .

========================================================================
Received Prepare
Registering precompiled user dll's ...
Registered in 0.002604 seconds.
Begin MonoManager ReloadAssembly
Native extension for WindowsStandalone target not found
Native extension for WebGL target not found
Refreshing native plugins compatible for Editor in 0.66 ms, found 1 plugins.
Preloading 0 native plugins for Editor in 0.00 ms.
Mono: successfully reloaded assembly
- Completed reload, in  2.028 seconds
Platform modules already initialized, skipping
Refreshing native plugins compatible for Editor in 0.65 ms, found 1 plugins.
Preloading 0 native plugins for Editor in 0.00 ms.
Unloading 1808 Unused Serialized files (Serialized files now loaded: 0)
System memory in use before: 88.3 MB.
System memory in use after: 88.3 MB.

Unloading 12 unused Assets to reduce memory usage. Loaded Objects now: 2303.
Total: 2.647000 ms (FindLiveObjects: 0.237100 ms CreateObjectMapping: 0.116200 ms MarkObjects: 2.170300 ms  DeleteObjects: 0.122100 ms)

========================================================================
Received Prepare
Registering precompiled user dll's ...
Registered in 0.002552 seconds.
Begin MonoManager ReloadAssembly
Native extension for WindowsStandalone target not found
Native extension for WebGL target not found
Refreshing native plugins compatible for Editor in 0.41 ms, found 1 plugins.
Preloading 0 native plugins for Editor in 0.00 ms.
Mono: successfully reloaded assembly
- Completed reload, in  1.442 seconds
Platform modules already initialized, skipping
Refreshing native plugins compatible for Editor in 0.63 ms, found 1 plugins.
Preloading 0 native plugins for Editor in 0.00 ms.
Unloading 1808 Unused Serialized files (Serialized files now loaded: 0)
System memory in use before: 88.4 MB.
System memory in use after: 88.3 MB.

Unloading 12 unused Assets to reduce memory usage. Loaded Objects now: 2307.
Total: 4.960300 ms (FindLiveObjects: 0.336500 ms CreateObjectMapping: 0.124900 ms MarkObjects: 3.740100 ms  DeleteObjects: 0.757100 ms)

========================================================================
Received Prepare
Registering precompiled user dll's ...
Registered in 0.002137 seconds.
Begin MonoManager ReloadAssembly
Native extension for WindowsStandalone target not found
Native extension for WebGL target not found
Refreshing native plugins compatible for Editor in 1.17 ms, found 1 plugins.
Preloading 0 native plugins for Editor in 0.00 ms.
Mono: successfully reloaded assembly
- Completed reload, in  2.621 seconds
Platform modules already initialized, skipping
Refreshing native plugins compatible for Editor in 1.35 ms, found 1 plugins.
Preloading 0 native plugins for Editor in 0.00 ms.
Unloading 1808 Unused Serialized files (Serialized files now loaded: 0)
System memory in use before: 88.4 MB.
System memory in use after: 88.3 MB.

Unloading 12 unused Assets to reduce memory usage. Loaded Objects now: 2311.
Total: 4.965900 ms (FindLiveObjects: 0.379100 ms CreateObjectMapping: 0.182800 ms MarkObjects: 4.161200 ms  DeleteObjects: 0.240000 ms)

========================================================================
Received Import Request.
  Time since last request: 423.904964 seconds.
  path: Assets/Scripts/CharacterController2D.cs
  artifactKey: Guid(73fdd797a6170c54580ae55655641de3) Importer(815301076,1909f56bfc062723c751e8b465ee728b)
Start importing Assets/Scripts/CharacterController2D.cs using Guid(73fdd797a6170c54580ae55655641de3) Importer(815301076,1909f56bfc062723c751e8b465ee728b)  -> (artifact id: 'd366daa30d22df1e032c2d455a08c48e') in 0.032429 seconds
  Import took 0.046263 seconds .

========================================================================
Received Import Request.
  Time since last request: 0.012346 seconds.
  path: Assets/Scripts/CharacterController2D.cs
  artifactKey: Guid(73fdd797a6170c54580ae55655641de3) Importer(815301076,1909f56bfc062723c751e8b465ee728b)
Start importing Assets/Scripts/CharacterController2D.cs using Guid(73fdd797a6170c54580ae55655641de3) Importer(815301076,1909f56bfc062723c751e8b465ee728b)  -> (artifact id: 'd366daa30d22df1e032c2d455a08c48e') in 0.005908 seconds
  Import took 0.013649 seconds .

========================================================================
Received Import Request.
  Time since last request: 104.282860 seconds.
  path: Assets/Scripts/PlayerMovement.cs
  artifactKey: Guid(c0db2a5c7287de44d800f87578bdb87a) Importer(815301076,1909f56bfc062723c751e8b465ee728b)
Start importing Assets/Scripts/PlayerMovement.cs using Guid(c0db2a5c7287de44d800f87578bdb87a) Importer(815301076,1909f56bfc062723c751e8b465ee728b)  -> (artifact id: 'd631589c676ae0e2530109124251fc83') in 0.033642 seconds
  Import took 0.049857 seconds .

========================================================================
Received Prepare
Registering precompiled user dll's ...
Registered in 0.002843 seconds.
Begin MonoManager ReloadAssembly
Native extension for WindowsStandalone target not found
Native extension for WebGL target not found
Refreshing native plugins compatible for Editor in 0.94 ms, found 1 plugins.
Preloading 0 native plugins for Editor in 0.00 ms.
Mono: successfully reloaded assembly
- Completed reload, in  4.275 seconds
Platform modules already initialized, skipping
Refreshing native plugins compatible for Editor in 0.90 ms, found 1 plugins.
Preloading 0 native plugins for Editor in 0.00 ms.
Unloading 1808 Unused Serialized files (Serialized files now loaded: 0)
System memory in use before: 88.4 MB.
System memory in use after: 88.4 MB.

Unloading 12 unused Assets to reduce memory usage. Loaded Objects now: 2315.
Total: 7.576800 ms (FindLiveObjects: 0.605500 ms CreateObjectMapping: 0.238900 ms MarkObjects: 6.306800 ms  DeleteObjects: 0.421700 ms)

========================================================================
Received Import Request.
  Time since last request: 377.035473 seconds.
  path: ProjectSettings/TagManager.asset
  artifactKey: Guid(00000000000000003000000000000000) Importer(815301076,1909f56bfc062723c751e8b465ee728b)
Start importing ProjectSettings/TagManager.asset using Guid(00000000000000003000000000000000) Importer(815301076,1909f56bfc062723c751e8b465ee728b)  -> (artifact id: '5ff736e781c9396eb3a9ebe5d00f0cbb') in 0.094435 seconds
  Import took 0.108638 seconds .

========================================================================
Received Prepare
Registering precompiled user dll's ...
Registered in 0.002971 seconds.
Begin MonoManager ReloadAssembly
Native extension for WindowsStandalone target not found
Native extension for WebGL target not found
Refreshing native plugins compatible for Editor in 1.22 ms, found 1 plugins.
Preloading 0 native plugins for Editor in 0.00 ms.
Mono: successfully reloaded assembly
- Completed reload, in  3.986 seconds
Platform modules already initialized, skipping
Refreshing native plugins compatible for Editor in 0.74 ms, found 1 plugins.
Preloading 0 native plugins for Editor in 0.00 ms.
Unloading 1808 Unused Serialized files (Serialized files now loaded: 0)
System memory in use before: 88.4 MB.
System memory in use after: 88.4 MB.

Unloading 13 unused Assets to reduce memory usage. Loaded Objects now: 2319.
Total: 8.310800 ms (FindLiveObjects: 0.535900 ms CreateObjectMapping: 0.233500 ms MarkObjects: 7.110500 ms  DeleteObjects: 0.427600 ms)

AssetImportWorkerClient::OnTransportError - code=2 error=End of file
